JetBrains Amper version 0.5.0+e7ace8b
running on Mac OS X 15.1.1 jvm arch aarch64

00:01.221 DEBUG :advent-of-code-2015-kotlin:resolveDependenciesJvm ResolveExternalDependenciesTask resolve dependencies advent-of-code-2015-kotlin -- jvm -- org.jetbrains.kotlin:kotlin-stdlib:2.0.21 -- resolvePlatform=jvm nativeTarget=null
00:01.236 DEBUG :advent-of-code-2015-kotlin:resolveDependenciesJvm ExecuteOnChangedInputs    INC: up-to-date according to state file at '/Users/conorhaworth/Developer/advent-of-code-2015-kotlin/build/incremental.state/_advent_of_code_2015_kotlin_resolveDependenciesJvm-c5fe7d0c8d' in 9.936ms
00:01.236 INFO  :advent-of-code-2015-kotlin:resolveDependenciesJvm ExecuteOnChangedInputs    ':advent-of-code-2015-kotlin:resolveDependenciesJvm' is up-to-date
00:01.238 DEBUG :advent-of-code-2015-kotlin:resolveDependenciesJvm ResolveExternalDependenciesTask resolve dependencies advent-of-code-2015-kotlin -- jvm -- org.jetbrains.kotlin:kotlin-stdlib:2.0.21 -- resolvePlatform=JVM nativeTarget=null
https://repo1.maven.org/maven2 https://maven.google.com https://maven.pkg.jetbrains.space/public/p/compose/dev resolved to:
  .m2.cache/org/jetbrains/kotlin/kotlin-stdlib/2.0.21/kotlin-stdlib-2.0.21.jar
  .m2.cache/org/jetbrains/annotations/13.0/annotations-13.0.jar
00:01.241 DEBUG :advent-of-code-2015-kotlin:compileJvm JvmCompileTask            compile advent-of-code-2015-kotlin -- jvm
00:01.254 DEBUG :advent-of-code-2015-kotlin:compileJvm ExtractKt                 Skipping extract to /Users/conorhaworth/Library/Caches/Amper/extract.cache/7de4a97883-amazon-corretto-21.0.1.12.1-macosx-aarch64.tar.gz.dcab71.d since flag file /Users/conorhaworth/Library/Caches/Amper/extract.cache/7de4a97883-amazon-corretto-21.0.1.12.1-macosx-aarch64.tar.gz.dcab71.d.flag is correct
00:01.259 DEBUG :advent-of-code-2015-kotlin:compileJvm ExecuteOnChangedInputs    INC: state file has a wrong inputs at '/Users/conorhaworth/Developer/advent-of-code-2015-kotlin/build/incremental.state/_advent_of_code_2015_kotlin_compileJvm-6e525a904a' -> rebuilding
  old: {/Users/conorhaworth/Developer/advent-of-code-2015-kotlin/resources/day01.txt=size 7000 mtime 2024-11-26T20:32:01.292106576Z, /Users/conorhaworth/Developer/advent-of-code-2015-kotlin/src/day01.txt.kt=size 631 mtime 2024-11-26T20:31:50.640212916Z, /Users/conorhaworth/Library/Caches/Amper/.m2.cache/org/jetbrains/annotations/13.0/annotations-13.0.jar=size 17536 mtime 2024-11-26T16:44:08.272357502Z mode 420 owner conorhaworth group staff, /Users/conorhaworth/Library/Caches/Amper/.m2.cache/org/jetbrains/kotlin/kotlin-stdlib/2.0.21/kotlin-stdlib-2.0.21.jar=size 1747660 mtime 2024-11-26T16:44:07.518055743Z mode 420 owner conorhaworth group staff}
  new: {/Users/conorhaworth/Developer/advent-of-code-2015-kotlin/src/day01.txt.kt=size 648 mtime 2024-11-26T20:33:55.44371373Z, /Users/conorhaworth/Developer/advent-of-code-2015-kotlin/resources/day01.txt=size 7000 mtime 2024-11-26T20:32:01.292106576Z, /Users/conorhaworth/Library/Caches/Amper/.m2.cache/org/jetbrains/kotlin/kotlin-stdlib/2.0.21/kotlin-stdlib-2.0.21.jar=size 1747660 mtime 2024-11-26T16:44:07.518055743Z mode 420 owner conorhaworth group staff, /Users/conorhaworth/Library/Caches/Amper/.m2.cache/org/jetbrains/annotations/13.0/annotations-13.0.jar=size 17536 mtime 2024-11-26T16:44:08.272357502Z mode 420 owner conorhaworth group staff}
00:01.259 INFO  :advent-of-code-2015-kotlin:compileJvm ExecuteOnChangedInputs    building ':advent-of-code-2015-kotlin:compileJvm'
00:01.262 DEBUG :advent-of-code-2015-kotlin:compileJvm ExecuteOnChangedInputs    INC: up-to-date according to state file at '/Users/conorhaworth/Developer/advent-of-code-2015-kotlin/build/incremental.state/resolve_org_jetbrains_kotlin_kotlin_build_tools_impl_2_0_21-18f12705f7' in 834.291us
00:01.262 INFO  :advent-of-code-2015-kotlin:compileJvm ExecuteOnChangedInputs    'resolve-org.jetbrains.kotlin-kotlin-build-tools-impl-2.0.21' is up-to-date
00:01.284 DEBUG :advent-of-code-2015-kotlin:compileJvm JvmCompileTask            Calling Kotlin compiler...
00:01.287 DEBUG :advent-of-code-2015-kotlin:compileJvm KotlinBuildToolsApiKt     Compiling using the in-process strategy
00:01.301 INFO  :advent-of-code-2015-kotlin:compileJvm KotlinBuildToolsApiKt     i: [-Xjdk-release=17, -jdk-home, /Users/conorhaworth/Library/Caches/Amper/extract.cache/7de4a97883-amazon-corretto-21.0.1.12.1-macosx-aarch64.tar.gz.dcab71.d/Contents/Home, -classpath, /Users/conorhaworth/Library/Caches/Amper/.m2.cache/org/jetbrains/kotlin/kotlin-stdlib/2.0.21/kotlin-stdlib-2.0.21.jar:/Users/conorhaworth/Library/Caches/Amper/.m2.cache/org/jetbrains/annotations/13.0/annotations-13.0.jar, -no-stdlib, -language-version, 2.0, -api-version, 2.0, -d, /Users/conorhaworth/Developer/advent-of-code-2015-kotlin/build/tasks/_advent-of-code-2015-kotlin_compileJvm]
00:01.324 DEBUG :advent-of-code-2015-kotlin:compileJvm KotlinBuildToolsApiKt     v: Using Kotlin home directory <no_path>
00:01.388 DEBUG :advent-of-code-2015-kotlin:compileJvm KotlinBuildToolsApiKt     v: Using JDK home directory /Users/conorhaworth/Library/Caches/Amper/extract.cache/7de4a97883-amazon-corretto-21.0.1.12.1-macosx-aarch64.tar.gz.dcab71.d/Contents/Home
00:01.394 DEBUG :advent-of-code-2015-kotlin:compileJvm KotlinBuildToolsApiKt     v: Using JVM IR backend
00:01.395 DEBUG :advent-of-code-2015-kotlin:compileJvm KotlinBuildToolsApiKt     v: Configuring the compilation environment
00:01.659 DEBUG :advent-of-code-2015-kotlin:compileJvm KotlinBuildToolsApiKt     v: Loading modules: [java.se, jdk.incubator.vector, jdk.management.jfr, jdk.attach, jdk.jconsole, jdk.accessibility, jdk.management, jdk.xml.dom, jdk.jshell, jdk.unsupported, jdk.security.auth, jdk.dynalink, jdk.jdi, jdk.security.jgss, jdk.net, jdk.sctp, jdk.incubator.foreign, jdk.jsobject, jdk.httpserver, jdk.jfr, jdk.javadoc, jdk.compiler, jdk.nio.mapmode, jdk.jartool, java.base, java.compiler, java.datatransfer, java.desktop, java.xml, java.instrument, java.logging, java.management, java.management.rmi, java.rmi, java.naming, java.net.http, java.prefs, java.scripting, java.security.jgss, java.security.sasl, java.sql, java.transaction.xa, java.sql.rowset, java.xml.crypto, jdk.management.agent, jdk.jdwp.agent]
00:03.016 DEBUG :advent-of-code-2015-kotlin:compileJvm JvmCompileTask            Kotlin compiler finalization...
00:03.016 INFO  :advent-of-code-2015-kotlin:compileJvm JvmCompileTask            Copy resources from '/Users/conorhaworth/Developer/advent-of-code-2015-kotlin/resources' to '/Users/conorhaworth/Developer/advent-of-code-2015-kotlin/build/tasks/_advent-of-code-2015-kotlin_compileJvm'
00:03.019 INFO  :advent-of-code-2015-kotlin:compileJvm ExecuteOnChangedInputs    finished ':advent-of-code-2015-kotlin:compileJvm' in 1.760605875s
