JetBrains Amper version 0.5.0+e7ace8b
running on Mac OS X 15.1.1 jvm arch aarch64

00:01.014 DEBUG :advent-of-code-2015-kotlin:resolveDependenciesJvm ResolveExternalDependenciesTask resolve dependencies advent-of-code-2015-kotlin -- jvm -- org.jetbrains.kotlin:kotlin-stdlib:2.0.21 -- resolvePlatform=jvm nativeTarget=null
00:01.019 DEBUG :advent-of-code-2015-kotlin:resolveDependenciesJvm ExecuteOnChangedInputs    INC: state file is missing or empty at '/Users/conorhaworth/Developer/advent-of-code-2015-kotlin/build/incremental.state/_advent_of_code_2015_kotlin_resolveDependenciesJvm-c5fe7d0c8d' -> rebuilding
00:01.019 INFO  :advent-of-code-2015-kotlin:resolveDependenciesJvm ExecuteOnChangedInputs    building ':advent-of-code-2015-kotlin:resolveDependenciesJvm'
00:01.133 INFO  :advent-of-code-2015-kotlin:resolveDependenciesJvm ExecuteOnChangedInputs    finished ':advent-of-code-2015-kotlin:resolveDependenciesJvm' in 113.767875ms
00:01.141 DEBUG :advent-of-code-2015-kotlin:resolveDependenciesJvm ResolveExternalDependenciesTask resolve dependencies advent-of-code-2015-kotlin -- jvm -- org.jetbrains.kotlin:kotlin-stdlib:2.0.21 -- resolvePlatform=JVM nativeTarget=null
https://repo1.maven.org/maven2 https://maven.google.com https://maven.pkg.jetbrains.space/public/p/compose/dev resolved to:
  .m2.cache/org/jetbrains/kotlin/kotlin-stdlib/2.0.21/kotlin-stdlib-2.0.21.jar
  .m2.cache/org/jetbrains/annotations/13.0/annotations-13.0.jar
00:01.144 DEBUG :advent-of-code-2015-kotlin:compileJvm JvmCompileTask            compile advent-of-code-2015-kotlin -- jvm
00:01.154 DEBUG :advent-of-code-2015-kotlin:compileJvm ExtractKt                 Skipping extract to /Users/conorhaworth/Library/Caches/Amper/extract.cache/7de4a97883-amazon-corretto-21.0.1.12.1-macosx-aarch64.tar.gz.dcab71.d since flag file /Users/conorhaworth/Library/Caches/Amper/extract.cache/7de4a97883-amazon-corretto-21.0.1.12.1-macosx-aarch64.tar.gz.dcab71.d.flag is correct
00:01.156 DEBUG :advent-of-code-2015-kotlin:compileJvm ExecuteOnChangedInputs    INC: state file is missing or empty at '/Users/conorhaworth/Developer/advent-of-code-2015-kotlin/build/incremental.state/_advent_of_code_2015_kotlin_compileJvm-6e525a904a' -> rebuilding
00:01.156 INFO  :advent-of-code-2015-kotlin:compileJvm ExecuteOnChangedInputs    building ':advent-of-code-2015-kotlin:compileJvm'
00:01.159 DEBUG :advent-of-code-2015-kotlin:compileJvm ExecuteOnChangedInputs    INC: state file is missing or empty at '/Users/conorhaworth/Developer/advent-of-code-2015-kotlin/build/incremental.state/resolve_org_jetbrains_kotlin_kotlin_build_tools_impl_2_0_21-18f12705f7' -> rebuilding
00:01.159 INFO  :advent-of-code-2015-kotlin:compileJvm ExecuteOnChangedInputs    building 'resolve-org.jetbrains.kotlin-kotlin-build-tools-impl-2.0.21'
00:01.372 INFO  :advent-of-code-2015-kotlin:compileJvm ExecuteOnChangedInputs    finished 'resolve-org.jetbrains.kotlin-kotlin-build-tools-impl-2.0.21' in 213.033125ms
00:01.386 DEBUG :advent-of-code-2015-kotlin:compileJvm JvmCompileTask            Calling Kotlin compiler...
00:01.390 DEBUG :advent-of-code-2015-kotlin:compileJvm KotlinBuildToolsApiKt     Compiling using the in-process strategy
00:01.401 INFO  :advent-of-code-2015-kotlin:compileJvm KotlinBuildToolsApiKt     i: [-Xjdk-release=17, -jdk-home, /Users/conorhaworth/Library/Caches/Amper/extract.cache/7de4a97883-amazon-corretto-21.0.1.12.1-macosx-aarch64.tar.gz.dcab71.d/Contents/Home, -classpath, /Users/conorhaworth/Library/Caches/Amper/.m2.cache/org/jetbrains/kotlin/kotlin-stdlib/2.0.21/kotlin-stdlib-2.0.21.jar:/Users/conorhaworth/Library/Caches/Amper/.m2.cache/org/jetbrains/annotations/13.0/annotations-13.0.jar, -no-stdlib, -language-version, 2.0, -api-version, 2.0, -d, /Users/conorhaworth/Developer/advent-of-code-2015-kotlin/build/tasks/_advent-of-code-2015-kotlin_compileJvm]
00:01.423 DEBUG :advent-of-code-2015-kotlin:compileJvm KotlinBuildToolsApiKt     v: Using Kotlin home directory <no_path>
00:01.472 DEBUG :advent-of-code-2015-kotlin:compileJvm KotlinBuildToolsApiKt     v: Using JDK home directory /Users/conorhaworth/Library/Caches/Amper/extract.cache/7de4a97883-amazon-corretto-21.0.1.12.1-macosx-aarch64.tar.gz.dcab71.d/Contents/Home
00:01.476 DEBUG :advent-of-code-2015-kotlin:compileJvm KotlinBuildToolsApiKt     v: Using JVM IR backend
00:01.476 DEBUG :advent-of-code-2015-kotlin:compileJvm KotlinBuildToolsApiKt     v: Configuring the compilation environment
00:01.711 DEBUG :advent-of-code-2015-kotlin:compileJvm KotlinBuildToolsApiKt     v: Loading modules: [java.se, jdk.incubator.vector, jdk.management.jfr, jdk.attach, jdk.jconsole, jdk.accessibility, jdk.management, jdk.xml.dom, jdk.jshell, jdk.unsupported, jdk.security.auth, jdk.dynalink, jdk.jdi, jdk.security.jgss, jdk.net, jdk.sctp, jdk.incubator.foreign, jdk.jsobject, jdk.httpserver, jdk.jfr, jdk.javadoc, jdk.compiler, jdk.nio.mapmode, jdk.jartool, java.base, java.compiler, java.datatransfer, java.desktop, java.xml, java.instrument, java.logging, java.management, java.management.rmi, java.rmi, java.naming, java.net.http, java.prefs, java.scripting, java.security.jgss, java.security.sasl, java.sql, java.transaction.xa, java.sql.rowset, java.xml.crypto, jdk.management.agent, jdk.jdwp.agent]
00:03.102 DEBUG :advent-of-code-2015-kotlin:compileJvm JvmCompileTask            Kotlin compiler finalization...
00:03.102 INFO  :advent-of-code-2015-kotlin:compileJvm JvmCompileTask            Copy resources from '/Users/conorhaworth/Developer/advent-of-code-2015-kotlin/resources' to '/Users/conorhaworth/Developer/advent-of-code-2015-kotlin/build/tasks/_advent-of-code-2015-kotlin_compileJvm'
00:03.106 INFO  :advent-of-code-2015-kotlin:compileJvm ExecuteOnChangedInputs    finished ':advent-of-code-2015-kotlin:compileJvm' in 1.949321709s
